This file contains any messages produced by compilers while
running configure, to aid debugging if configure makes a mistake.

It was created by mpistochest configure 1.0, which was
generated by GNU Autoconf 2.69.  Invocation command line was

  $ ./configure 

## --------- ##
## Platform. ##
## --------- ##

hostname = bs-mbp145.ethz.ch
uname -m = x86_64
uname -r = 10.8.0
uname -s = Darwin
uname -v = Darwin Kernel Version 10.8.0: Tue Jun  7 16:32:41 PDT 2011; root:xnu-1504.15.3~1/RELEASE_X86_64

/usr/bin/uname -p = i386
/bin/uname -X     = unknown

/bin/arch              = unknown
/usr/bin/arch -k       = unknown
/usr/convex/getsysinfo = unknown
/usr/bin/hostinfo      = Mach kernel version:
	 Darwin Kernel Version 10.8.0: Tue Jun  7 16:32:41 PDT 2011; root:xnu-1504.15.3~1/RELEASE_X86_64
Kernel configured for up to 8 processors.
4 processors are physically available.
8 processors are logically available.
Processor type: i486 (Intel 80486)
Processors active: 0 1 2 3 4 5 6 7
Primary memory available: 4.00 gigabytes
Default processor set: 94 tasks, 603 threads, 8 processors
Load average: 0.39, Mach factor: 7.60
/bin/machine           = unknown
/usr/bin/oslevel       = unknown
/bin/universe          = unknown

PATH: /opt/local/bin
PATH: /opt/local/sbin
PATH: /scripts
PATH: /usr/texbin
PATH: /opt/local/bin
PATH: /opt/local/sbin
PATH: /usr/bin
PATH: /bin
PATH: /usr/sbin
PATH: /sbin
PATH: /usr/local/bin
PATH: /opt/X11/bin
PATH: /usr/texbin
PATH: /usr/X11/bin


## ----------- ##
## Core tests. ##
## ----------- ##

configure:1873: checking build system type
configure:1887: result: i386-apple-darwin10.8.0
configure:1907: checking host system type
configure:1920: result: i386-apple-darwin10.8.0
configure:1940: checking target system type
configure:1953: result: i386-apple-darwin10.8.0
configure:1996: checking for a BSD-compatible install
configure:2064: result: /usr/bin/install -c
configure:2075: checking whether build environment is sane
configure:2130: result: yes
configure:2281: checking for a thread-safe mkdir -p
configure:2320: result: ./install-sh -c -d
configure:2327: checking for gawk
configure:2357: result: no
configure:2327: checking for mawk
configure:2357: result: no
configure:2327: checking for nawk
configure:2357: result: no
configure:2327: checking for awk
configure:2343: found /usr/bin/awk
configure:2354: result: awk
configure:2365: checking whether make sets $(MAKE)
configure:2387: result: yes
configure:2531: checking for mpicc
configure:2547: found /usr/bin/mpicc
configure:2558: result: mpicc
configure:2589: checking for C compiler version
configure:2598: mpicc --version >&5
i686-apple-darwin10-gcc-4.2.1 (GCC) 4.2.1 (Apple Inc. build 5666) (dot 3)
Copyright (C) 2007 Free Software Foundation, Inc.
This is free software; see the source for copying conditions.  There is NO
warranty; not even for MERCHANTABILITY or FITNESS FOR A PARTICULAR PURPOSE.

configure:2609: $? = 0
configure:2598: mpicc -v >&5
Using built-in specs.
Target: i686-apple-darwin10
Configured with: /var/tmp/gcc/gcc-5666.3~123/src/configure --disable-checking --enable-werror --prefix=/usr --mandir=/share/man --enable-languages=c,objc,c++,obj-c++ --program-transform-name=/^[cg][^.-]*$/s/$/-4.2/ --with-slibdir=/usr/lib --build=i686-apple-darwin10 --program-prefix=i686-apple-darwin10- --host=x86_64-apple-darwin10 --target=i686-apple-darwin10 --with-gxx-include-dir=/include/c++/4.2.1
Thread model: posix
gcc version 4.2.1 (Apple Inc. build 5666) (dot 3)
configure:2609: $? = 0
configure:2598: mpicc -V >&5
gcc-4.2: argument to `-V' is missing
configure:2609: $? = 1
configure:2598: mpicc -qversion >&5
i686-apple-darwin10-gcc-4.2.1: no input files
configure:2609: $? = 1
configure:2629: checking whether the C compiler works
configure:2651: mpicc    conftest.c  >&5
configure:2655: $? = 0
configure:2703: result: yes
configure:2706: checking for C compiler default output file name
configure:2708: result: a.out
configure:2714: checking for suffix of executables
configure:2721: mpicc -o conftest    conftest.c  >&5
configure:2725: $? = 0
configure:2747: result: 
configure:2769: checking whether we are cross compiling
configure:2777: mpicc -o conftest    conftest.c  >&5
configure:2781: $? = 0
configure:2788: ./conftest
configure:2792: $? = 0
configure:2807: result: no
configure:2812: checking for suffix of object files
configure:2834: mpicc -c   conftest.c >&5
configure:2838: $? = 0
configure:2859: result: o
configure:2863: checking whether we are using the GNU C compiler
configure:2882: mpicc -c   conftest.c >&5
configure:2882: $? = 0
configure:2891: result: yes
configure:2900: checking whether mpicc accepts -g
configure:2920: mpicc -c -g  conftest.c >&5
configure:2920: $? = 0
configure:2961: result: yes
configure:2978: checking for mpicc option to accept ISO C89
configure:3041: mpicc  -c -g -O2  conftest.c >&5
configure:3041: $? = 0
configure:3054: result: none needed
configure:3085: checking for style of include used by make
configure:3113: result: GNU
configure:3139: checking dependency style of mpicc
configure:3250: result: gcc3
configure:3265: checking for mpicc option to accept ISO C99
configure:3414: mpicc  -c -g -O2  conftest.c >&5
conftest.c:61: error: expected ';', ',' or ')' before 'text'
conftest.c: In function 'main':
conftest.c:115: error: nested functions are disabled, use -fnested-functions to re-enable
conftest.c:115: error: expected '=', ',', ';', 'asm' or '__attribute__' before 'newvar'
conftest.c:115: error: 'newvar' undeclared (first use in this function)
conftest.c:115: error: (Each undeclared identifier is reported only once
conftest.c:115: error: for each function it appears in.)
conftest.c:125: error: 'for' loop initial declaration used outside C99 mode
configure:3414: $? = 1
configure: failed program was:
| /* confdefs.h */
| #define PACKAGE_NAME "mpistochest"
| #define PACKAGE_TARNAME "mpistochest"
| #define PACKAGE_VERSION "1.0"
| #define PACKAGE_STRING "mpistochest 1.0"
| #define PACKAGE_BUGREPORT ""
| #define PACKAGE_URL ""
| #define PACKAGE "mpistochest"
| #define VERSION "1.0"
| /* end confdefs.h.  */
| #include <stdarg.h>
| #include <stdbool.h>
| #include <stdlib.h>
| #include <wchar.h>
| #include <stdio.h>
| 
| // Check varargs macros.  These examples are taken from C99 6.10.3.5.
| #define debug(...) fprintf (stderr, __VA_ARGS__)
| #define showlist(...) puts (#__VA_ARGS__)
| #define report(test,...) ((test) ? puts (#test) : printf (__VA_ARGS__))
| static void
| test_varargs_macros (void)
| {
|   int x = 1234;
|   int y = 5678;
|   debug ("Flag");
|   debug ("X = %d\n", x);
|   showlist (The first, second, and third items.);
|   report (x>y, "x is %d but y is %d", x, y);
| }
| 
| // Check long long types.
| #define BIG64 18446744073709551615ull
| #define BIG32 4294967295ul
| #define BIG_OK (BIG64 / BIG32 == 4294967297ull && BIG64 % BIG32 == 0)
| #if !BIG_OK
|   your preprocessor is broken;
| #endif
| #if BIG_OK
| #else
|   your preprocessor is broken;
| #endif
| static long long int bignum = -9223372036854775807LL;
| static unsigned long long int ubignum = BIG64;
| 
| struct incomplete_array
| {
|   int datasize;
|   double data[];
| };
| 
| struct named_init {
|   int number;
|   const wchar_t *name;
|   double average;
| };
| 
| typedef const char *ccp;
| 
| static inline int
| test_restrict (ccp restrict text)
| {
|   // See if C++-style comments work.
|   // Iterate through items via the restricted pointer.
|   // Also check for declarations in for loops.
|   for (unsigned int i = 0; *(text+i) != '\0'; ++i)
|     continue;
|   return 0;
| }
| 
| // Check varargs and va_copy.
| static void
| test_varargs (const char *format, ...)
| {
|   va_list args;
|   va_start (args, format);
|   va_list args_copy;
|   va_copy (args_copy, args);
| 
|   const char *str;
|   int number;
|   float fnumber;
| 
|   while (*format)
|     {
|       switch (*format++)
| 	{
| 	case 's': // string
| 	  str = va_arg (args_copy, const char *);
| 	  break;
| 	case 'd': // int
| 	  number = va_arg (args_copy, int);
| 	  break;
| 	case 'f': // float
| 	  fnumber = va_arg (args_copy, double);
| 	  break;
| 	default:
| 	  break;
| 	}
|     }
|   va_end (args_copy);
|   va_end (args);
| }
| 
| int
| main ()
| {
| 
|   // Check bool.
|   _Bool success = false;
| 
|   // Check restrict.
|   if (test_restrict ("String literal") == 0)
|     success = true;
|   char *restrict newvar = "Another string";
| 
|   // Check varargs.
|   test_varargs ("s, d' f .", "string", 65, 34.234);
|   test_varargs_macros ();
| 
|   // Check flexible array members.
|   struct incomplete_array *ia =
|     malloc (sizeof (struct incomplete_array) + (sizeof (double) * 10));
|   ia->datasize = 10;
|   for (int i = 0; i < ia->datasize; ++i)
|     ia->data[i] = i * 1.234;
| 
|   // Check named initializers.
|   struct named_init ni = {
|     .number = 34,
|     .name = L"Test wide string",
|     .average = 543.34343,
|   };
| 
|   ni.number = 58;
| 
|   int dynamic_array[ni.number];
|   dynamic_array[ni.number - 1] = 543;
| 
|   // work around unused variable warnings
|   return (!success || bignum == 0LL || ubignum == 0uLL || newvar[0] == 'x'
| 	  || dynamic_array[ni.number - 1] != 543);
| 
|   ;
|   return 0;
| }
configure:3414: mpicc -std=gnu99 -c -g -O2  conftest.c >&5
configure:3414: $? = 0
configure:3434: result: -std=gnu99
configure:3445: checking for cos in -lm
configure:3470: mpicc -std=gnu99 -o conftest -g -O2   conftest.c -lm   >&5
conftest.c:18: warning: conflicting types for built-in function 'cos'
configure:3470: $? = 0
configure:3479: result: yes
configure:3490: checking for cblas_dgemm in -lgslcblas
configure:3515: mpicc -std=gnu99 -o conftest -g -O2   conftest.c -lgslcblas  -lm  >&5
configure:3515: $? = 0
configure:3524: result: yes
configure:3535: checking for gsl_blas_dgemm in -lgsl
configure:3560: mpicc -std=gnu99 -o conftest -g -O2   conftest.c -lgsl  -lgslcblas -lm  >&5
configure:3560: $? = 0
configure:3569: result: yes
configure:3580: checking for rxn_sample_path_alloc in -lparestlib
configure:3605: mpicc -std=gnu99 -o conftest -g -O2   conftest.c -lparestlib  -lgsl -lgslcblas -lm  >&5
configure:3605: $? = 0
configure:3614: result: yes
configure:3625: checking for syncirc_mod_setup in -lstochmod
configure:3650: mpicc -std=gnu99 -o conftest -g -O2   conftest.c -lstochmod  -lparestlib -lgsl -lgslcblas -lm  >&5
configure:3650: $? = 0
configure:3659: result: yes
configure:3670: checking for xmlReadFile in -lxml2
configure:3695: mpicc -std=gnu99 -o conftest -g -O2   conftest.c -lxml2  -lstochmod -lparestlib -lgsl -lgslcblas -lm  >&5
configure:3695: $? = 0
configure:3704: result: yes
configure:3830: checking that generated files are newer than configure
configure:3836: result: done
configure:3859: creating ./config.status

## ---------------------- ##
## Running config.status. ##
## ---------------------- ##

This file was extended by mpistochest config.status 1.0, which was
generated by GNU Autoconf 2.69.  Invocation command line was

  CONFIG_FILES    = 
  CONFIG_HEADERS  = 
  CONFIG_LINKS    = 
  CONFIG_COMMANDS = 
  $ ./config.status 

on bs-mbp145.ethz.ch

config.status:860: creating Makefile
config.status:860: creating mpiabck/Makefile
config.status:860: creating mpismc/Makefile
config.status:860: creating mpifind0/Makefile
config.status:860: creating criticals/Makefile
config.status:860: creating fcsread/Makefile
config.status:860: creating gridtest/Makefile
config.status:860: creating conjsmc/Makefile
config.status:860: creating config.h
config.status:1041: config.h is unchanged
config.status:1089: executing depfiles commands

## ---------------- ##
## Cache variables. ##
## ---------------- ##

ac_cv_build=i386-apple-darwin10.8.0
ac_cv_c_compiler_gnu=yes
ac_cv_env_CC_set=
ac_cv_env_CC_value=
ac_cv_env_CFLAGS_set=
ac_cv_env_CFLAGS_value=
ac_cv_env_CPPFLAGS_set=
ac_cv_env_CPPFLAGS_value=
ac_cv_env_LDFLAGS_set=
ac_cv_env_LDFLAGS_value=
ac_cv_env_LIBS_set=
ac_cv_env_LIBS_value=
ac_cv_env_build_alias_set=
ac_cv_env_build_alias_value=
ac_cv_env_host_alias_set=
ac_cv_env_host_alias_value=
ac_cv_env_target_alias_set=
ac_cv_env_target_alias_value=
ac_cv_host=i386-apple-darwin10.8.0
ac_cv_lib_gsl_gsl_blas_dgemm=yes
ac_cv_lib_gslcblas_cblas_dgemm=yes
ac_cv_lib_m_cos=yes
ac_cv_lib_parestlib_rxn_sample_path_alloc=yes
ac_cv_lib_stochmod_syncirc_mod_setup=yes
ac_cv_lib_xml2_xmlReadFile=yes
ac_cv_objext=o
ac_cv_path_install='/usr/bin/install -c'
ac_cv_prog_AWK=awk
ac_cv_prog_ac_ct_CC=mpicc
ac_cv_prog_cc_c89=
ac_cv_prog_cc_c99=-std=gnu99
ac_cv_prog_cc_g=yes
ac_cv_prog_make_make_set=yes
ac_cv_target=i386-apple-darwin10.8.0
am_cv_CC_dependencies_compiler_type=gcc3

## ----------------- ##
## Output variables. ##
## ----------------- ##

ACLOCAL='${SHELL} /Users/lillaccg/Work/Code/C/2013/mpiStochEst/missing --run aclocal-1.12'
AMDEPBACKSLASH='\'
AMDEP_FALSE='#'
AMDEP_TRUE=''
AMTAR='$${TAR-tar}'
AUTOCONF='${SHELL} /Users/lillaccg/Work/Code/C/2013/mpiStochEst/missing --run autoconf'
AUTOHEADER='${SHELL} /Users/lillaccg/Work/Code/C/2013/mpiStochEst/missing --run autoheader'
AUTOMAKE='${SHELL} /Users/lillaccg/Work/Code/C/2013/mpiStochEst/missing --run automake-1.12'
AWK='awk'
CC='mpicc -std=gnu99'
CCDEPMODE='depmode=gcc3'
CFLAGS='-g -O2'
CPPFLAGS=''
CYGPATH_W='echo'
DEFS='-DHAVE_CONFIG_H'
DEPDIR='.deps'
ECHO_C='\c'
ECHO_N=''
ECHO_T=''
EXEEXT=''
INSTALL_DATA='${INSTALL} -m 644'
INSTALL_PROGRAM='${INSTALL}'
INSTALL_SCRIPT='${INSTALL}'
INSTALL_STRIP_PROGRAM='$(install_sh) -c -s'
LDFLAGS=''
LIBOBJS=''
LIBS='-lxml2 -lstochmod -lparestlib -lgsl -lgslcblas -lm '
LTLIBOBJS=''
MAKEINFO='${SHELL} /Users/lillaccg/Work/Code/C/2013/mpiStochEst/missing --run makeinfo'
MKDIR_P='./install-sh -c -d'
OBJEXT='o'
PACKAGE='mpistochest'
PACKAGE_BUGREPORT=''
PACKAGE_NAME='mpistochest'
PACKAGE_STRING='mpistochest 1.0'
PACKAGE_TARNAME='mpistochest'
PACKAGE_URL=''
PACKAGE_VERSION='1.0'
PATH_SEPARATOR=':'
SET_MAKE=''
SHELL='/bin/sh'
STRIP=''
VERSION='1.0'
ac_ct_CC='mpicc'
am__EXEEXT_FALSE=''
am__EXEEXT_TRUE='#'
am__fastdepCC_FALSE='#'
am__fastdepCC_TRUE=''
am__include='include'
am__isrc=''
am__leading_dot='.'
am__nodep='_no'
am__quote=''
am__tar='$${TAR-tar} chof - "$$tardir"'
am__untar='$${TAR-tar} xf -'
bindir='${exec_prefix}/bin'
build='i386-apple-darwin10.8.0'
build_alias=''
build_cpu='i386'
build_os='darwin10.8.0'
build_vendor='apple'
datadir='${datarootdir}'
datarootdir='${prefix}/share'
docdir='${datarootdir}/doc/${PACKAGE_TARNAME}'
dvidir='${docdir}'
exec_prefix='${prefix}'
host='i386-apple-darwin10.8.0'
host_alias=''
host_cpu='i386'
host_os='darwin10.8.0'
host_vendor='apple'
htmldir='${docdir}'
includedir='${prefix}/include'
infodir='${datarootdir}/info'
install_sh='${SHELL} /Users/lillaccg/Work/Code/C/2013/mpiStochEst/install-sh'
libdir='${exec_prefix}/lib'
libexecdir='${exec_prefix}/libexec'
localedir='${datarootdir}/locale'
localstatedir='${prefix}/var'
mandir='${datarootdir}/man'
mkdir_p='$(MKDIR_P)'
oldincludedir='/usr/include'
pdfdir='${docdir}'
prefix='/usr/local'
program_transform_name='s,x,x,'
psdir='${docdir}'
sbindir='${exec_prefix}/sbin'
sharedstatedir='${prefix}/com'
sysconfdir='${prefix}/etc'
target='i386-apple-darwin10.8.0'
target_alias=''
target_cpu='i386'
target_os='darwin10.8.0'
target_vendor='apple'

## ----------- ##
## confdefs.h. ##
## ----------- ##

/* confdefs.h */
#define PACKAGE_NAME "mpistochest"
#define PACKAGE_TARNAME "mpistochest"
#define PACKAGE_VERSION "1.0"
#define PACKAGE_STRING "mpistochest 1.0"
#define PACKAGE_BUGREPORT ""
#define PACKAGE_URL ""
#define PACKAGE "mpistochest"
#define VERSION "1.0"
#define HAVE_LIBM 1
#define HAVE_LIBGSLCBLAS 1
#define HAVE_LIBGSL 1
#define HAVE_LIBPARESTLIB 1
#define HAVE_LIBSTOCHMOD 1
#define HAVE_LIBXML2 1

configure: exit 0
